[    0.000000] Linux version 4.15.0-212-generic (buildd@lcy02-amd64-083) (gcc version 7.5.0 (Ubuntu 7.5.0-3ubuntu1~18.04)) #223-Ubuntu SMP Tue May 23 13:09:22 UTC 2023 (Ubuntu 4.15.0-212.223-generic 4.15.18)
[    0.000000] Command line: BOOT_IMAGE=/boot/vmlinuz-4.15.0-212-generic root=LABEL=cloudimg-rootfs ro console=tty1 console=ttyS0
[    0.000000] KERNEL supported cpus:
[    0.000000]   Intel GenuineIntel
[    0.000000]   AMD AuthenticAMD
[    0.000000]   Centaur CentaurHauls
[    0.000000] [Firmware Bug]: TSC doesn't count with P0 frequency!
[    0.000000] x86/fpu: x87 FPU will use FXSAVE
[    0.000000] e820: BIOS-provided physical RAM map:
[    0.000000] BIOS-e820: [mem 0x0000000000000000-0x000000000009fbff] usable
[    0.000000] BIOS-e820: [mem 0x000000000009fc00-0x000000000009ffff] reserved
[    0.000000] BIOS-e820: [mem 0x00000000000f0000-0x00000000000fffff] reserved
[    0.000000] BIOS-e820: [mem 0x0000000000100000-0x00000000dffeffff] usable
[    0.000000] BIOS-e820: [mem 0x00000000dfff0000-0x00000000dfffffff] ACPI data
[    0.000000] BIOS-e820: [mem 0x00000000fec00000-0x00000000fec00fff] reserved
[    0.000000] BIOS-e820: [mem 0x00000000fee00000-0x00000000fee00fff] reserved
[    0.000000] BIOS-e820: [mem 0x00000000fffc0000-0x00000000ffffffff] reserved
[    0.000000] BIOS-e820: [mem 0x0000000100000000-0x000000021fffffff] usable
[    0.000000] NX (Execute Disable) protection: active
[    0.000000] SMBIOS 2.5 present.
[    0.000000] DMI: innotek GmbH VirtualBox/VirtualBox, BIOS VirtualBox 12/01/2006
[    0.000000] Hypervisor detected: KVM
[    0.000000] e820: last_pfn = 0x220000 max_arch_pfn = 0x400000000
[    0.000000] MTRR: Disabled
[    0.000000] x86/PAT: MTRRs disabled, skipping PAT initialization too.
[    0.000000] CPU MTRRs all blank - virtualized system.
[    0.000000] x86/PAT: Configuration [0-7]: WB  WT  UC- UC  WB  WT  UC- UC  
[    0.000000] e820: last_pfn = 0xdfff0 max_arch_pfn = 0x400000000
[    0.000000] found SMP MP-table at [mem 0x0009fff0-0x0009ffff]
[    0.000000] Scanning 1 areas for low memory corruption
[    0.000000] RAMDISK: [mem 0x359cb000-0x36cdcfff]
[    0.000000] ACPI: Early table checksum verification disabled
[    0.000000] ACPI: RSDP 0x00000000000E0000 000024 (v02 VBOX  )
[    0.000000] ACPI: XSDT 0x00000000DFFF0030 00003C (v01 VBOX   VBOXXSDT 00000001 ASL  00000061)
[    0.000000] ACPI: FACP 0x00000000DFFF00F0 0000F4 (v04 VBOX   VBOXFACP 00000001 ASL  00000061)
[    0.000000] ACPI: DSDT 0x00000000DFFF0610 002353 (v02 VBOX   VBOXBIOS 00000002 INTL 20100528)
[    0.000000] ACPI: FACS 0x00000000DFFF0200 000040
[    0.000000] ACPI: FACS 0x00000000DFFF0200 000040
[    0.000000] ACPI: APIC 0x00000000DFFF0240 00005C (v02 VBOX   VBOXAPIC 00000001 ASL  00000061)
[    0.000000] ACPI: SSDT 0x00000000DFFF02A0 00036C (v01 VBOX   VBOXCPUT 00000002 INTL 20100528)
[    0.000000] ACPI: Reserving FACP table memory at [mem 0xdfff00f0-0xdfff01e3]
[    0.000000] ACPI: Reserving DSDT table memory at [mem 0xdfff0610-0xdfff2962]
[    0.000000] ACPI: Reserving FACS table memory at [mem 0xdfff0200-0xdfff023f]
[    0.000000] ACPI: Reserving FACS table memory at [mem 0xdfff0200-0xdfff023f]
[    0.000000] ACPI: Reserving APIC table memory at [mem 0xdfff0240-0xdfff029b]
[    0.000000] ACPI: Reserving SSDT table memory at [mem 0xdfff02a0-0xdfff060b]
[    0.000000] No NUMA configuration found
[    0.000000] Faking a node at [mem 0x0000000000000000-0x000000021fffffff]
[    0.000000] NODE_DATA(0) allocated [mem 0x21ffd1000-0x21fffbfff]
[    0.000000] kvm-clock: cpu 0, msr 2:1ff50001, primary cpu clock
[    0.000000] kvm-clock: Using msrs 4b564d01 and 4b564d00
[    0.000000] kvm-clock: using sched offset of 3259933018 cycles
[    0.000000] clocksource: kvm-clock: mask: 0xffffffffffffffff max_cycles: 0x1cd42e4dffb, max_idle_ns: 881590591483 ns
[    0.000000] Zone ranges:
[    0.000000]   DMA      [mem 0x0000000000001000-0x0000000000ffffff]
[    0.000000]   DMA32    [mem 0x0000000001000000-0x00000000ffffffff]
[    0.000000]   Normal   [mem 0x0000000100000000-0x000000021fffffff]
[    0.000000]   Device   empty
[    0.000000] Movable zone start for each node
[    0.000000] Early memory node ranges
[    0.000000]   node   0: [mem 0x0000000000001000-0x000000000009efff]
[    0.000000]   node   0: [mem 0x0000000000100000-0x00000000dffeffff]
[    0.000000]   node   0: [mem 0x0000000100000000-0x000000021fffffff]
[    0.000000] Reserved but unavailable: 104 pages
[    0.000000] Initmem setup node 0 [mem 0x0000000000001000-0x000000021fffffff]
[    0.000000] ACPI: PM-Timer IO Port: 0x4008
[    0.000000] IOAPIC[0]: apic_id 2, version 32, address 0xfec00000, GSI 0-23
[    0.000000] ACPI: INT_SRC_OVR (bus 0 bus_irq 0 global_irq 2 dfl dfl)
[    0.000000] ACPI: INT_SRC_OVR (bus 0 bus_irq 9 global_irq 9 low level)
[    0.000000] Using ACPI (MADT) for SMP configuration information
[    0.000000] smpboot: Allowing 2 CPUs, 0 hotplug CPUs
[    0.000000] PM: Registered nosave memory: [mem 0x00000000-0x00000fff]
[    0.000000] PM: Registered nosave memory: [mem 0x0009f000-0x0009ffff]
[    0.000000] PM: Registered nosave memory: [mem 0x000a0000-0x000effff]
[    0.000000] PM: Registered nosave memory: [mem 0x000f0000-0x000fffff]
[    0.000000] PM: Registered nosave memory: [mem 0xdfff0000-0xdfffffff]
[    0.000000] PM: Registered nosave memory: [mem 0xe0000000-0xfebfffff]
[    0.000000] PM: Registered nosave memory: [mem 0xfec00000-0xfec00fff]
[    0.000000] PM: Registered nosave memory: [mem 0xfec01000-0xfedfffff]
[    0.000000] PM: Registered nosave memory: [mem 0xfee00000-0xfee00fff]
[    0.000000] PM: Registered nosave memory: [mem 0xfee01000-0xfffbffff]
[    0.000000] PM: Registered nosave memory: [mem 0xfffc0000-0xffffffff]
[    0.000000] e820: [mem 0xe0000000-0xfebfffff] available for PCI devices
[    0.000000] Booting paravirtualized kernel on KVM
[    0.000000] clocksource: refined-jiffies: mask: 0xffffffff max_cycles: 0xffffffff, max_idle_ns: 7645519600211568 ns
[    0.000000] setup_percpu: NR_CPUS:8192 nr_cpumask_bits:2 nr_cpu_ids:2 nr_node_ids:1
[    0.000000] percpu: Embedded 50 pages/cpu s167936 r8192 d28672 u1048576
[    0.000000] PV qspinlock hash table entries: 256 (order: 0, 4096 bytes)
[    0.000000] Built 1 zonelists, mobility grouping on.  Total pages: 2064249
[    0.000000] Policy zone: Normal
[    0.000000] Kernel command line: BOOT_IMAGE=/boot/vmlinuz-4.15.0-212-generic root=LABEL=cloudimg-rootfs ro console=tty1 console=ttyS0
[    0.000000] Memory: 8142020K/8388152K available (12300K kernel code, 2477K rwdata, 4324K rodata, 2480K init, 2720K bss, 246132K reserved, 0K cma-reserved)
[    0.000000] SLUB: HWalign=64, Order=0-3, MinObjects=0, CPUs=2, Nodes=1
[    0.000000] ftrace: allocating 39508 entries in 155 pages
[    0.004000] Hierarchical RCU implementation.
[    0.004000] 	RCU restricting CPUs from NR_CPUS=8192 to nr_cpu_ids=2.
[    0.004000] 	Tasks RCU enabled.
[    0.004000] RCU: Adjusting geometry for rcu_fanout_leaf=16, nr_cpu_ids=2
[    0.004000] NR_IRQS: 524544, nr_irqs: 440, preallocated irqs: 16
[    0.004000] random: crng init done
[    0.004000] Console: colour VGA+ 80x25
[    0.004000] console [tty1] enabled
[    0.004000] console [ttyS0] enabled
[    0.004000] ACPI: Core revision 20170831
[    0.004000] ACPI: 2 ACPI AML tables successfully acquired and loaded
[    0.004000] APIC: Switch to symmetric I/O mode setup
[    0.004000] ..TIMER: vector=0x30 apic1=0 pin1=2 apic2=-1 pin2=-1
[    0.004000] tsc: Detected 4199.992 MHz processor
[    0.004000] Calibrating delay loop (skipped) preset value.. 8399.98 BogoMIPS (lpj=16799968)
[    0.004000] pid_max: default: 32768 minimum: 301
[    0.004000] Security Framework initialized
[    0.004000] Yama: becoming mindful.
[    0.004000] AppArmor: AppArmor initialized
[    0.022965] Dentry cache hash table entries: 1048576 (order: 11, 8388608 bytes)
[    0.034875] Inode-cache hash table entries: 524288 (order: 10, 4194304 bytes)
[    0.036219] Mount-cache hash table entries: 16384 (order: 5, 131072 bytes)
[    0.040216] Mountpoint-cache hash table entries: 16384 (order: 5, 131072 bytes)
[    0.044842] Last level iTLB entries: 4KB 512, 2MB 512, 4MB 256
[    0.048002] Last level dTLB entries: 4KB 2048, 2MB 2048, 4MB 1024, 1GB 0
[    0.052002] Spectre V1 : Mitigation: usercopy/swapgs barriers and __user pointer sanitization
[    0.056003] Spectre V2 : Mitigation: Retpolines
[    0.057873] Spectre V2 : Spectre v2 / SpectreRSB mitigation: Filling RSB on context switch
[    0.060002] Spectre V2 : Spectre v2 / SpectreRSB : Filling RSB on VMEXIT
[    0.064144] Freeing SMP alternatives memory: 36K
[    0.187342] APIC calibration not consistent with PM-Timer: 103ms instead of 100ms
[    0.188000] APIC delta adjusted to PM-Timer: 6422816 (6643266)
[    0.188209] smpboot: CPU0: AMD Ryzen 5 5600X 6-Core Processor (family: 0x19, model: 0x21, stepping: 0x0)
[    0.192000] Performance Events: PMU not available due to virtualization, using software events only.
[    0.192075] Hierarchical SRCU implementation.
[    0.196558] NMI watchdog: Perf event create on CPU 0 failed with -2
[    0.200002] NMI watchdog: Perf NMI watchdog permanently disabled
[    0.202619] smp: Bringing up secondary CPUs ...
[    0.204439] x86: Booting SMP configuration:
[    0.206090] .... node  #0, CPUs:      #1
[    0.004000] kvm-clock: cpu 1, msr 2:1ff50041, secondary cpu clock
[    0.212000] TSC synchronization [CPU#0 -> CPU#1]:
[    0.212000] Measured 68461 cycles TSC warp between CPUs, turning off TSC clock.
[    0.212000] tsc: Marking TSC unstable due to check_tsc_sync_source failed
[    0.216055] smp: Brought up 1 node, 2 CPUs
[    0.220004] smpboot: Max logical packages: 1
[    0.221827] smpboot: Total of 2 processors activated (16799.96 BogoMIPS)
[    0.224272] devtmpfs: initialized
[    0.225824] x86/mm: Memory block size: 128MB
[    0.229120] evm: security.selinux
[    0.230759] evm: security.SMACK64
[    0.232002] evm: security.SMACK64EXEC
[    0.233670] evm: security.SMACK64TRANSMUTE
[    0.236002] evm: security.SMACK64MMAP
[    0.237690] evm: security.apparmor
[    0.240002] evm: security.ima
[    0.241538] evm: security.capability
[    0.244287] clocksource: jiffies: mask: 0xffffffff max_cycles: 0xffffffff, max_idle_ns: 7645041785100000 ns
[    0.252008] futex hash table entries: 512 (order: 3, 32768 bytes)
[    0.252196] pinctrl core: initialized pinctrl subsystem
[    0.256103] RTC time: 17:31:23, date: 08/06/23
[    0.258805] NET: Registered protocol family 16
[    0.260092] audit: initializing netlink subsys (disabled)
[    0.264183] audit: type=2000 audit(1691343087.612:1): state=initialized audit_enabled=0 res=1
[    0.268087] cpuidle: using governor ladder
[    0.272101] cpuidle: using governor menu
[    0.276099] ACPI: bus type PCI registered
[    0.278448] acpiphp: ACPI Hot Plug PCI Controller Driver version: 0.5
[    0.280304] PCI: Using configuration type 1 for base access
[    0.284002] PCI: Using configuration type 1 for extended access
[    0.288229] HugeTLB registered 2.00 MiB page size, pre-allocated 0 pages
[    0.292236] ACPI: Added _OSI(Module Device)
[    0.296003] ACPI: Added _OSI(Processor Device)
[    0.296003] ACPI: Added _OSI(3.0 _SCP Extensions)
[    0.298202] ACPI: Added _OSI(Processor Aggregator Device)
[    0.300003] ACPI: Added _OSI(Linux-Dell-Video)
[    0.302165] ACPI: Added _OSI(Linux-Lenovo-NV-HDMI-Audio)
[    0.304002] ACPI: Added _OSI(Linux-HPI-Hybrid-Graphics)
[    0.308038] ACPI: Executed 1 blocks of module-level executable AML code
[    0.313418] ACPI: Interpreter enabled
[    0.316014] ACPI: (supports S0 S5)
[    0.318105] ACPI: Using IOAPIC for interrupt routing
[    0.320342] PCI: Using host bridge windows from ACPI; if necessary, use "pci=nocrs" and report a bug
[    0.324159] ACPI: Enabled 2 GPEs in block 00 to 07
[    0.334309] ACPI: PCI Root Bridge [PCI0] (domain 0000 [bus 00-ff])
[    0.340008] acpi PNP0A03:00: _OSC: OS supports [ExtendedConfig ASPM ClockPM Segments MSI]
[    0.344123] acpi PNP0A03:00: _OSC: platform does not support [PCIeCapability]
[    0.347540] acpi PNP0A03:00: _OSC: not requesting control; platform does not support [PCIeCapability]
[    0.352005] acpi PNP0A03:00: _OSC: OS requested [PCIeHotplug PME AER PCIeCapability]
[    0.356003] acpi PNP0A03:00: _OSC: platform willing to grant [PCIeHotplug PME AER]
[    0.356003] acpi PNP0A03:00: _OSC failed (AE_SUPPORT); disabling ASPM
[    0.360380] PCI host bridge to bus 0000:00
[    0.362212] pci_bus 0000:00: root bus resource [io  0x0000-0x0cf7 window]
[    0.364003] pci_bus 0000:00: root bus resource [io  0x0d00-0xffff window]
[    0.366767] pci_bus 0000:00: root bus resource [mem 0x000a0000-0x000bffff window]
[    0.372003] pci_bus 0000:00: root bus resource [mem 0xe0000000-0xfdffffff window]
[    0.376003] pci_bus 0000:00: root bus resource [bus 00-ff]
[    0.379278] pci 0000:00:01.1: legacy IDE quirk: reg 0x10: [io  0x01f0-0x01f7]
[    0.384003] pci 0000:00:01.1: legacy IDE quirk: reg 0x14: [io  0x03f6]
[    0.384003] pci 0000:00:01.1: legacy IDE quirk: reg 0x18: [io  0x0170-0x0177]
[    0.388002] pci 0000:00:01.1: legacy IDE quirk: reg 0x1c: [io  0x0376]
[    0.401810] pci 0000:00:07.0: quirk: [io  0x4000-0x403f] claimed by PIIX4 ACPI
[    0.404020] pci 0000:00:07.0: quirk: [io  0x4100-0x410f] claimed by PIIX4 SMB
[    0.413212] ACPI: PCI Interrupt Link [LNKA] (IRQs 5 9 10 *11)
[    0.415859] ACPI: PCI Interrupt Link [LNKB] (IRQs 5 9 *10 11)
[    0.420115] ACPI: PCI Interrupt Link [LNKC] (IRQs 5 *9 10 11)
[    0.420115] ACPI: PCI Interrupt Link [LNKD] (IRQs 5 9 10 *11)
[    0.423204] SCSI subsystem initialized
[    0.428024] pci 0000:00:02.0: vgaarb: setting as boot VGA device
[    0.430976] pci 0000:00:02.0: vgaarb: VGA device added: decodes=io+mem,owns=io+mem,locks=none
[    0.432004] pci 0000:00:02.0: vgaarb: bridge control possible
[    0.436002] vgaarb: loaded
[    0.437168] ACPI: bus type USB registered
[    0.440019] usbcore: registered new interface driver usbfs
[    0.442151] usbcore: registered new interface driver hub
[    0.444009] usbcore: registered new device driver usb
[    0.446289] EDAC MC: Ver: 3.0.0
[    0.448400] PCI: Using ACPI for IRQ routing
[    0.448431] NetLabel: Initializing
[    0.450123] NetLabel:  domain hash size = 128
[    0.452002] NetLabel:  protocols = U[    0.464006] VFS: Disk quotas dquot_6.6.0
[    0.472075] VFS: Dquot-cache hash table entries: 512 (order 0, 4096 bytes)
[    0.476035] AppArmor: AppA[    0.480364] VFS: Disk quotas dquot_6.6.0
[    0.480364] VFS: Dquot-cache hash table entries: 512 (order[    0.506257] clocksource: acpi_pm: mask: 0xffffff max_cycles: 0xffffff, max_idle_ns: 2085701024 ns
[    0.511028] NET: Registered protocol family 2
[[    0.516264] clocksource: acpi_pm: mask: 0xffffff max_cycles: 0xffffff, max_idle_ns: 2085701024 ns
[    0.520237] NET: Registered protocol family 2
[    0.520237] IP idents hash table entries: 131072 (order: 8, 1048576 bytes)
[    0.528036] TCP established hash table entries: 65536 (order: 7, 524288 bytes)
[    0.531838] TCP bind hash table entries: 65536 (order: 8, 1048576 bytes)
[    0.534922] TCP: Hash tables configured (established 65536 bind 65536)
[    0.534922] UDP hash table entries: 4096 (order: 5, 131072 bytes)
[    0.534922] UDP-Lite hash table entries: 4096 (order: 5, 131072 bytes)
[    0.534922] NET: Registered protocol family 1
[    0.534922] pci 0000:00:00.0: Limiting direct PCI/PCI transfers
[    0.534922] pci 0000:00:01.0: Activating ISA DMA [    0.579026] Freeing initrd memory: 19528K
[    0.808524] PCI-DMA: Using software bounce buffering for IO (SWIOTLB)
[    0.811242] software IO TLB: m[    0.534922] Freeing initrd memory: 19528K
[    0.534922] PCI-DMA: Using software bounce buffering for IO (SWIOTLB)
[    0.534922] software IO TLB: mapped [mem 0xdbff0000-0xdfff0000] (64MB)
[    0.534922] clocksource: tsc: mask: 0xffffffffffffffff max_cycles: 0x3c8a5945912, max_idle_ns: 440795231168 ns
[    0.534922] platform rtc_cmos: registered platform [    0.829147] Key type blacklist [    0.53492[    0.831331] workingset: timestamp_bits=36 max_order=2[    0.824025] Ini[    0.835298] zbud: loaded
[    0.837452] squashfs: version 4.0 (2009/01/31) [    0.828806] wo[    0.840473] fuse init (API version 7.26)
[    0.862350] Key type asymmetric registered
[    0.864697] Asymmetric key parser 'x509' registered
[    0.866996] Block layer SCSI generic (bsg) driv[    0.863493] Key type asymmetric registered
[    0.865409] Asymmetric key parser 'x509' registered
[    0.868097] Block layer SCSI generic (bsg) driver version 0.4 loaded (major 246)
[    0.871862] io scheduler noop registered
[    0.873581] io scheduler deadline registered
[    0.875504] io scheduler cfq registered (default)
[    0.877957] ACPI: AC Adapter [AC] (on-line)
[    0.879660] input: Power Button as /devices/LNXSYSTM:00/LNXPWRBN:00/input/input0
[    0.882964] ACPI: Power Button [PWRF]
[    0.884570] input: Sleep Button as /devices/[    0.916629] 00:02: ttyS0 at I/O 0x3f8 (irq = 4, base_baud = 115200) is a 16550A
[    0.931151] Linux agpgart interface v0.103
[    0.938045] loop: module loaded
[    0.941133] scsi host0: ata_piix
[    0.943016] scsi host1: ata_piix
[    0.944572] ata1: PATA max UDMA/33 cmd 0[    0.936784] loop: module loaded
[    0.939747] scsi host0: ata_piix
[    0.942185] scsi host1: ata_piix
[    0.943708] ata1: PATA max UDMA/33 cmd 0x1f0 ctl 0x3f6 bmdma 0xd000 irq 14
[    0.946756] ata2: PATA max UDMA/33 cmd 0x170 ctl 0x376 bmdma 0xd008 irq 15
[    0.951683] tun: Universal TUN/TAP device driver, 1.6
[    0.954063] PPP generic driver version 2.4.2
[    0.956107] ehci_hcd: USB 2.0 'Enhanced' Host Controller (EHCI) Driver
[    0.958917] ehci-pci: EHCI PCI platform driver
[    0.960964] ehci-platform: EHCI generic platform driver
[    0.963650] ohci_hcd: USB 1.1 'Open' Host Controller (OHCI) Driver
[    0.967399] ohci-pci: OHCI PCI platform driver
[    0.970008] ohci-platform: OHCI generic platform driver
[    0.972202] uhci_hcd: USB Universal Host Controller Interface driver
[    0.973980] i8042: PNP: PS/2 Controller [PNP0303:PS2K,PNP0f03:PS2M] at 0x60,0x64 irq 1,12
[    0.979993] serio: i8042 KBD port at 0x60,0x64 irq 1
[    0.982075] serio: i8042 AUX port at 0x60,0x64 irq 12
[    0.984549] mousedev: PS/2 mouse device common for all mice
[    0.989382] rtc_cmos rtc_cmos: rtc core: registered rtc_cmos as rtc0
[    0.992492] input: AT Translated Set 2 keyboard as /devices/platform/i8042/serio0/input/input2
[    0.995991] rtc_cmos rtc_cmos: alarms up to one day, 114 bytes nvram
[    0.998855] i2c /dev entries driver
[    1.000615] device-mapper: uevent: version 1.0.3
[    1.002662] device-mapper: ioctl: 4.37.0-ioctl (2017-09-20) i[    1.020005] Segment Routing with IPv6
[    1.021724] NET: Registered protocol family 17
[    1.023709] Key type dns_resolver registered
[    1.0261[    1.018535] Segment Routing with IPv6
[    1.020061] NET: Registered protocol family 17
[    1.022263] Key type dns_resolver registered
[    1.024580] mce: Using 0 MCE banks
[    1.026216] RAS: Correctable Errors collector initialized.
[    1.028898] sched_clock: Marking[    1.042486] Loaded X.509 cert 'Build time autoge[    1.033919] registered taskstats version 1
[    1.035753] L[    1.047320] Loaded X.509 cert 'Canon[    1.041237] Loaded X.509 cert 'Build time autogenerated kernel key: b5b26778eaa3ab3a4a6cee031137706e947d12ad'
[    1.045725] Loaded X.509 cert 'Canonical Ltd. Live Patch Signing: 14df34d1a87cf37625abec039ef2bf521249b969'
[    1.050031] Loaded X.509 cert 'Canonical Ltd. Kernel Module Signing: 88f752e560a1e0737e31163a466ad7b70a850c19'
[    1.054338] blacklist: Loading compiled-in revocation X.509 certificates
[    1.057513] Loaded X.509 cert 'Canonical Ltd. Secure Boot Signing: 61482aa2830d0ab2ad5af10b7250da9033ddcef0'
[    1.061557] Loaded X.509 cert 'Canonical Ltd. Secure Boot Signing (2017): 242ade75ac4a15e50d50c84b0d45ff3eae707a03'
[    1.066286] Loaded X.509 cert 'Canonical Ltd. Secure Boot Signing (ESM 2018): 365188c1d374d6b07c3c8f240f8ef722433d6a8b'
[    1.070668] Loaded X.509 cert 'Canonical Ltd. Secure Boot Signing (2019): c0746fd6c5da3ae827864651ad66ae47fe24b3e8'
[    1.075130] Loaded X.509 cert 'Canonical Ltd. Secure Boot Signing (2021 v1): a8d54bbb3825cfb94fa13c9f8a594a195c107b8d'
[    1.079750] Loaded X.509 cert 'Canonical Ltd. Secure Boot Signing (2021 v2): 4cf046892d6fd3c9a5b03f98d845f90851dc6a8c'
[    1.086224] Loaded X.509 cert 'Canonical Ltd. Secure Boot Signing (2021 v3): 100437bb6de6e469b581e61cd66bce3ef4ed53af'
[    1.091821] Loaded X.509 c[    1.105941] Key type big_key registered
[    1.107651] Key type trusted registered
[    1.111702] Key type encrypted registered
[    1.113893] AppA[    1.104759] Key type big_key registered
[    1.106515] Key type trusted registered
[    1.110643] Key type encrypted registered
[    1.130605] AppArmor: AppArmor sha1 policy hashing enabled
[    1.133437] ima: No TPM chip found, activating TPM-bypass! (rc=-19)
[    1.135921] ima: Allocated hash algorithm: sha1
[    1.137985] evm: HM[    1.149412] [    1.140013]   Magic number: 3:743:541
[    1.148909] rtc_cmos rtc_cmos: setting system clock to 2023-08-06 17:31:24 UTC (1691343084)
[    1.152731] BIOS E[    1.172076] Write protecting the kernel read-only data: 20480k
[    1.174839] Freeing unused kernel image memory: 2008K
[    1.177195] Freeing unuse[    1.184443] Write protecting the kernel read-only data: 20480k
[    1.187491] Freeing unused kernel image memory: 2008K
[   starting version 237
[    1.241513] e1000: Intel(R) PRO/1000 Network Driver - version 7.3.21-k8-NAPI
[    1.244405] e1000: Copyright (c) 1999-2006 Intel Corporation.
[    1[    1.258476] e1000: Intel(R) PRO/1000 Network Driver - version 7.3.21-k8-NAPI
[    1.262867] e1000: Copyright (c) 1999-2006 Intel Corporation.
[[    1.277769] SSE version of gcm_enc/dec enga[    1[    1.506965] input: ImExPS/2 Generic Explorer Mouse as /devices/platform/i8042/serio1/input/input4
[    1.764208] e1000 0000:00:03.0 eth0: (PCI:33MHz:32-bit) 02:3b:7b:b7:3b:2d
[    1.766855] e1000 0000:00:03.0 eth0: Intel(R) PRO/1000 Network Connectio[    1.781012] e1000 0000:00:03.0 eth0: (PCI:33MHz:32[    1.880959] ioc0: LSI53C1030 A0: Capabilities={Initiator}
[    2.128442] scsi host2: ioc0: LSI53C1030 A0, FwRev=00000000h, Ports=1, MaxQ=256, IRQ=20
[    2.300728] scsi 2:0:0:0: Direct-Access     VBOX     HARDDISK         1.0  PQ: 0 ANSI: 5
[    2.324064] scsi target2:0:0: Beginning Domain Validation[ [    2.330097] scsi target2:0:0: Domain Validation skipping write tests
[    2.332772] scs[    2.352479] scsi target2:0:0: Beginning Domain Validation
[    2.359348] scsi target2:0:0: Domain Validation skipping write tests
[    2.363302] scsi target2:0:0: Ending Domain[    2.700160] scsi target2:0:1: Beginning Domain Validation
[    2.705844] scsi target2:0:1: Domain Validation skipping write tests
[    2.708560] scs[    2.740407] scsi target2:0:1: Beginning Domain Validation
[    2.746252] scsi target2:0:1: Domain Validation skipping write tests
[    2.748782] scsi target2:0:1: Ending Domain Validation
[    2.751538] scsi target2:0:1: asynchronous
[    2.759135] sd 2:0:0:0: Attached scsi generic sg0 type 0
[    2.762166] sd 2:0:1:0: Attached scsi generic sg1 type 0
[    2.765105] sd 2:0:0:0: [sda] 83886080 512-byte logical blocks: (42.9 GB/40.0 GiB)
[    2.765341] sd 2:0:1:0: [sdb] 20480 512-byte logical blocks: (10.5 MB/10.0 MiB)
[    2.771838] sd 2:0:1:0: [sdb] Write Protect is off
[    2.774204] sd 2:0:0:0: [sda] Write Protect is off
[    2.776708] sd 2:0:0:0: [sda] Incomplete mode parameter data
[    2.779675] sd 2:0:0:0: [sda] Assuming drive cache: write through
[    2.782315] sd 2:0:1:0: [sdb] Incomplete mode parameter data
[    2.785155] sd 2:0:1:0: [sdb] Assuming drive cache: write through
[    2.790780]  sda: sda1
[    2.795011] sd 2:0:0:0: [sda] Attached SCSI disk
[    2.795681] e1000 0000:00:08.0 eth1: (PCI:33MHz:32-bit) 08:00:27:08:7e:c9
[    2.799196] sd 2:0:1:0: [sdb] Attach[   47.269068] e1000 0000:00:03.0 enp0s3: renamed from eth0
Begin: Loading essential drivers ... [   48.880082] raid6: sse2x1   gen()  7365 MB/s
[   48.928055] raid6: sse2x1   xor() 12829 MB/s
[   48.976053] raid6: sse2x2   gen() 15424 MB/s
[   49.024081] raid6: sse2x2   xor() 15906 MB/s
[   49.072058] raid6: sse2x4   gen() 21120 MB/s
[   49.120082] raid6: sse2x4   xor() 11523 MB/s
[   49.122027] raid6: using algorithm sse2x4 gen() 21120 MB/s
[   49.124252] raid6: .... xor() 11523 MB/s, rmw enabled
[   49.126273] raid6: using ssse3x2 recovery algorithm
[   49.129614] xor: measuring software checksum speed
[   49.168097]    prefetch64-sse: 18859.000 MB/sec
[   49.208057]    generic_sse: 18078.000 MB/sec
[   49.209828] xor: using function: prefetch64-sse (18859.000 MB/sec)
[   49.214328] async_tx: api initialized (async)
done.
Begin: Running /scripts/init-premount ... done.
Begin: Mounting root file system ... Begin: Running /scripts/local-top ... done.
Begin: Running /scripts/local-premount ... [   49.256966] Btrfs loaded, crc32c=crc32c-intel
Scanning for Btrfs filesystems
done.
Warning: fsck not present, so skipping root file system
[   49.288333] EXT4-fs (sda1): mounted filesystem with ordered data mode. Opts: (null)
done.
Begin: Running /scripts/local-bottom ... done.
Begin: Running /scripts/init-bottom ... done.
[   49.438092] ip_tables: (C) 2000-2006 Netfilter Core Team
[   49.448589] systemd[1]: systemd 237 running in system mode. (+PAM +AUDIT +SELINUX +IMA +APPARMOR +SMACK +SYSVINIT +UTMP +LIBCRYPTSETUP +GCRYPT +GNUTLS +ACL +XZ +LZ4 +SECCOMP +BLKID +ELFUTILS +KMOD -IDN2 +IDN -PCRE2 default-hierarchy=hybrid)
[   49.458000] systemd[1]: Detected virtualization oracle.
[   49.460390] systemd[1]: Detected architecture x86-64.

Welcome to [1mUbuntu 18.04.6 LTS[0m!

[   49.481049] systemd[1]: Set hostname to <ubuntu>.
[   49.485798] systemd[1]: Initializing machine ID from random generator.
[   49.489032] systemd[1]: Installed transient /etc/machine-id file.
[   49.685562] systemd[1]: Reached target Mounting snaps.
[[0;32m  OK  [0m] Reached target Mounting snaps.
[   49.689319] systemd[1]: Set up automount Arbitrary Executable File Formats File System Automount Point.
[[0;32m  OK  [0m] Set up automount Arbitrary Executab…rmats File System Automount Point.
[   49.694451] systemd[1]: Started Forward Password Requests to Wall Directory Watch.
[[0;32m  OK  [0m] Started Forward Password Requests to Wall Directory Watch.
[   49.699212] systemd[1]: Reached target User and Group Name Lookups.
[[0;32m  OK  [0m] Reached target User and Group Name Lookups.
[[0;32m  OK  [0m] Created slice System Slice.
[[0;32m  OK  [0m] Listening on udev Control Socket.
[[0;32m  OK  [0m] Created slice system-serial\x2dgetty.slice.
[[0;32m  OK  [0m] Listening on fsck to fsckd communication Socket.
[[0;32m  OK  [0m] Listening on LVM2 metadata daemon socket.
[[0;32m  OK  [0m] Listening on Journal Socket.
[[0;32m  OK  [0m] Listening on Journal Audit Socket.
[[0;32m  OK  [0m] Listening on Journal Socket (/dev/log).
         Mounting POSIX Message Queue File System...
[[0;32m  OK  [0m] Listening on Syslog Socket.
         Starting Create list of required st…ce nodes for the current kernel...
         Mounting Huge Pages File System...
         Starting Uncomplicated firewall...
[[0;32m  OK  [0m] Listening on Network Service Netlink Socket.
[[0;32m  OK  [0m] Listening on /dev/initctl Compatibility Named Pipe.
[[0;32m  OK  [0m] Listening on udev Kernel Socket.
         Starting Set the console keyboard layout...
[[0;32m  OK  [0m] Listening on LVM2 poll daemon socket.
         Starting File System Check on Root Device...
[[0;32m  OK  [0m] Reached target System Time Synchronized.
         Mounting Kernel Debug File System...
[[0;32m  OK  [0m] Listening on Device-mapper event daemon FIFOs.
         Starting Monitoring of LVM2 mirrors…ng dmeventd or progress polling...
[[0;32m  OK  [0m] Created slice User and Session Slice.
[[0;32m  OK  [0m] Reached target Slices.
         Starting Load Kernel Modules...
[[0;32m  OK  [0m] Reached target Mounted snaps.
         Starting udev Coldplug all Devices...
         Starting Journal Service...
[[0;32m  OK  [0m] Reached target Swap.
[[0;32m  OK  [0m] Mounted POSIX Message Queue File System.
[[0;32m  OK  [0m] Started Create list of required sta…vice nodes for the current kernel.
[[0;32m  OK  [0m] Mounted Huge Pages File System.
[[0;32m  OK  [0m] Started Uncomplicated firewall.
[   49.807625] Loading iSCSI transport class v2.0-870.
[[0;32m  OK  [0m] Mounted Kernel Debug File System.
[[0;32m  OK  [0m] Started File System Check Daemon to report status.
[[0;32m  OK  [0m] Started LVM2 metadata daemon.
[   49.818796] iscsi: registered transport (tcp)
         Starting Create Static Device Nodes in /dev...
[[0;32m  OK  [0m] Started udev Coldplug all Devices.
[[0;32m  OK  [0m] Started Journal Service.
[[0;32m  OK  [0m] Started File System Check on Root Device.
         Starting Remount Root and Kernel File Systems...
[[0;32m  OK  [0m] Started Create Static Device Nodes in /dev.
[   49.903574] iscsi: registered transport (iser)
[[0;32m  OK  [0m] Started Load Kernel Modules.
         Mounting FUSE Control File System...
         Mounting Kernel Configuration File System...
         Starting Apply Kernel Variables...
[[0;32m  OK  [0m] Mounted FUSE Control File System.
[[0;32m  OK  [0m] Mounted Kernel Configuration File System.
[[0;32m  OK  [0m] Started Remount Root and Kernel File Systems.
         Starting udev Kernel Device Manager...
         Starting Load/Save Random Seed...
         Starting Flush Journal to Persistent Storage...
[[0;32m  OK  [0m] Started Apply Kernel Variables.
[[0;32m  OK  [0m] Started Monitoring of LVM2 mirrors,…sing dmeventd or progress polling.
[[0;32m  OK  [0m] Started Load/Save Random Seed.
[[0;32m  OK  [0m] Started udev Kernel Device Manager.
[[0;32m  OK  [0m] Started Flush Journal to Persistent Storage.
[[0;32m  OK  [0m] Found device /dev/ttyS0.
[[0;32m  OK  [0m] Listening on Load/Save RF Kill Switch Status /dev/rfkill Watch.
[[0;32m  OK  [0m] Started Set the console keyboard layout.
[[0;32m  OK  [0m] Started Dispatch Password Requests to Console Directory Watch.
[[0;32m  OK  [0m] Reached target Local Encrypted Volumes.
[[0;32m  OK  [0m] Reached target Local File Systems (Pre).
[[0;32m  OK  [0m] Reached target Local File Systems.
         Starting ebtables ruleset management...
         Starting Create Volatile Files and Directories...
         Starting AppArmor initialization...
         Starting Commit a transient machine-id on disk...
         Starting Set console font and keymap...
         Starting Tell Plymouth To Write Out Runtime Data...
[[0;32m  OK  [0m] Started Create Volatile Files and Directories.
         Starting Update UTMP about System Boot/Shutdown...
[[0;32m  OK  [0m] Started Update UTMP about System Boot/Shutdown.
         Mounting Arbitrary Executable File Formats File System...
[[0;32m  OK  [0m] Started Tell Plymouth To Write Out Runtime Data.
[[0;32m  OK  [0m] Mounted Arbitrary Executable File Formats File System.
[[0;32m  OK  [0m] Started ebtables ruleset management.
[[0;32m  OK  [0m] Started Commit a transient machine-id on disk.
[[0;32m  OK  [0m] Started AppArmor initialization.
         Starting Initial cloud-init job (pre-networking)...
         Starting Load AppArmor profiles managed internally by snapd...
[[0;32m  OK  [0m] Started Load AppArmor profiles managed internally by snapd.
[[0;32m  OK  [0m] Started Set console font and keymap.
[   52.216887] cloud-init[770]: Cloud-init v. 23.1.2-0ubuntu0~18.04.1 running 'init-local' at Sun, 06 Aug 2023 17:32:15 +0000. Up 51.97 seconds.
[[0;32m  OK  [0m] Started Initial cloud-init job (pre-networking).
[[0;32m  OK  [0m] Reached target Network (Pre).
         Starting Network Service...
[[0;32m  OK  [0m] Started Network Service.
         Starting Wait for Network to be Configured...
         Starting Network Name Resolution...
[[0;32m  OK  [0m] Started Network Name Resolution.
[[0;32m  OK  [0m] Reached target Network.
[[0;32m  OK  [0m] Reached target Host and Network Name Lookups.
[[0;32m  OK  [0m] Started Wait for Network to be Configured.
         Starting Initial cloud-init job (metadata service crawler)...
[   54.404246] cloud-init[928]: Cloud-init v. 23.1.2-0ubuntu0~18.04.1 running 'init' at Sun, 06 Aug 2023 17:32:17 +0000. Up 54.32 seconds.
[   54.406123] cloud-init[928]: ci-info: ++++++++++++++++++++++++++++++++++++++Net device info+++++++++++++++++++++++++++++++++++++++
[   54.407906] cloud-init[928]: ci-info: +--------+-------+----------------------------+---------------+--------+-------------------+
[   54.409810] cloud-init[928]: ci-info: | Device |   Up  |          Address           |      Mask     | Scope  |     Hw-Address    |
[   54.411844] cloud-init[928]: ci-info: +--------+-------+----------------------------+---------------+--------+-------------------+
[   54.413641] cloud-init[928]: ci-info: | enp0s3 |  True |         10.0.2.15          | 255.255.255.0 | global | 02:3b:7b:b7:3b:2d |
[   54.415431] cloud-init[928]: ci-info: | enp0s3 |  True | fe80::3b:7bff:feb7:3b2d/64 |       .       |  link  | 02:3b:7b:b7:3b:2d |
[   54.417212] cloud-init[928]: ci-info: | enp0s8 | False |             .              |       .       |   .    | 08:00:27:67:db:cc |
[   54.419210] cloud-init[928]: ci-info: |   lo   |  True |         127.0.0.1          |   255.0.0.0   |  host  |         .         |
[   54.420969] cloud-init[928]: ci-info: |   lo   |  True |          ::1/128           |       .       |  host  |         .         |
[   54.422716] cloud-init[928]: ci-info: +--------+-------+----------------------------+---------------+--------+-------------------+
[   54.424613] cloud-init[928]: ci-info: ++++++++++++++++++++++++++++Route IPv4 info+++++++++++++++++++++++++++++
[   54.426858] cloud-init[928]: ci-info: +-------+-------------+----------+-----------------+-----------+-------+
[   54.429325] cloud-init[928]: ci-info: | Route | Destination | Gateway  |     Genmask     | Interface | Flags |
[   54.431560] cloud-init[928]: ci-info: +-------+-------------+----------+-----------------+-----------+-------+
[   54.433798] cloud-init[928]: ci-info: |   0   |   0.0.0.0   | 10.0.2.2 |     0.0.0.0     |   enp0s3  |   UG  |
[   54.436230] cloud-init[928]: ci-info: |   1   |   10.0.2.0  | 0.0.0.0  |  255.255.255.0  |   enp0s3  |   U   |
[   54.438467] cloud-init[928]: ci-info: |   2   |   10.0.2.2  | 0.0.0.0  | 255.255.255.255 |   enp0s3  |   UH  |
[   54.440765] cloud-init[928]: ci-info: +-------+-------------+----------+-----------------+-----------+-------+
[   54.443056] cloud-init[928]: ci-info: +++++++++++++++++++Route IPv6 info+++++++++++++++++++
[   54.444631] cloud-init[928]: ci-info: +-------+-------------+---------+-----------+-------+
[   54.446074] cloud-init[928]: ci-info: | Route | Destination | Gateway | Interface | Flags |
[   54.447342] cloud-init[928]: ci-info: +-------+-------------+---------+-----------+-------+
[   54.448772] cloud-init[928]: ci-info: |   1   |  fe80::/64  |    ::   |   enp0s3  |   U   |
[   54.449972] cloud-init[928]: ci-info: |   3   |    local    |    ::   |   enp0s3  |   U   |
[   54.451234] cloud-init[928]: ci-info: |   4   |   ff00::/8  |    ::   |   enp0s3  |   U   |
[   54.452621] cloud-init[928]: ci-info: +-------+-------------+---------+-----------+-------+
[   55.086015] cloud-init[928]: Generating public/private rsa key pair.
[   55.087254] cloud-init[928]: Your identification has been saved in /etc/ssh/ssh_host_rsa_key.
[   55.088789] cloud-init[928]: Your public key has been saved in /etc/ssh/ssh_host_rsa_key.pub.
[   55.090284] cloud-init[928]: The key fingerprint is:
[   55.091251] cloud-init[928]: SHA256:qQiH5NMMd6w7vHvZr+kn+QXdqHckAvY/5ngJtE5l0Bk root@ubuntu-bionic
[   55.092848] cloud-init[928]: The key's randomart image is:
[   55.093725] cloud-init[928]: +---[RSA 2048]----+
[   55.094564] cloud-init[928]: |           .Eo   |
[   55.095467] cloud-init[928]: |     .    . o    |
[   55.096308] cloud-init[928]: |  o . o o  .     |
[   55.097112] cloud-init[928]: | o * o . +..oo   |
[   55.122895] cloud-init[928]: |  = =   S.+++ o  |
[   55.123752] cloud-init[928]: |   = o .  += o   |
[   55.124589] cloud-init[928]: |    = .o +..*..  |
[   55.125358] cloud-init[928]: |     oo +.o*oo   |
[   55.126290] cloud-init[928]: |    oo .+*+..    |
[   55.127087] cloud-init[928]: +----[SHA256]-----+
[   55.127887] cloud-init[928]: Generating public/private dsa key pair.
[   55.128958] cloud-init[928]: Your identification has been saved in /etc/ssh/ssh_host_dsa_key.
[   55.130419] cloud-init[928]: Your public key has been saved in /etc/ssh/ssh_host_dsa_key.pub.
[   55.131801] cloud-init[928]: The key fingerprint is:
[   55.140168] cloud-init[928]: SHA256:W404dSy/ioIshY/yHXUuTdAE6w1bQLSPzCCjyDiY+bg root@ubuntu-bionic
[   55.140227] cloud-init[928]: The key's randomart image is:
[   55.140248] cloud-init[928]: +---[DSA 1024]----+
[   55.140471] cloud-init[928]: |     o=..        |
[   55.140641] cloud-init[928]: |       *   .     |
[   55.140805] cloud-init[928]: |  o . = o o o    |
[   55.140985] cloud-init[928]: |=+ o = O o *     |
[   55.141152] cloud-init[928]: |O. .  B S o o    |
[   55.141324] cloud-init[928]: | +. .. = +   .   |
[   55.141501] cloud-init[928]: |. .=... +   .    |
[   55.141664] cloud-init[928]: |..o.+... . .     |
[   55.141830] cloud-init[928]: |Eo...  .. .      |
[   55.142030] cloud-init[928]: +----[SHA256]-----+
[   55.142186] cloud-init[928]: Generating public/private ecdsa key pair.
[   55.142346] cloud-init[928]: Your identification has been saved in /etc/ssh/ssh_host_ecdsa_key.
[   55.142522] cloud-init[928]: Your public key has been saved in /etc/ssh/ssh_host_ecdsa_key.pub.
[   55.142688] cloud-init[928]: The key fingerprint is:
[   55.142856] cloud-init[928]: SHA256:cDUwYL7a52w+bP+fXkkgBFtY6M6Egoyq8BMchCU2K3E root@ubuntu-bionic
[   55.143044] cloud-init[928]: The key's randomart image is:
[   55.143206] cloud-init[928]: +---[ECDSA 256]---+
[   55.143377] cloud-init[928]: |o=E   o.ooB+     |
[   55.143741] cloud-init[928]: |o++  o   =+.     |
[   55.143880] cloud-init[928]: |.oo . o +. . .   |
[   55.144257] cloud-init[928]: |...o . = o  . .  |
[   55.144415] cloud-init[928]: |.. .  o S      . |
[   55.144595] cloud-init[928]: |o o  o   o    . .|
[   55.144755] cloud-init[928]: |o. .. ...      ..|
[   55.144940] cloud-init[928]: |. o    +=      o |
[   55.145108] cloud-init[928]: |   .   ++o...o+  |
[   55.145280] cloud-init[928]: +----[SHA256]-----+
[   55.145654] cloud-init[928]: Generating public/private ed25519 key pair.
[   55.145789] cloud-init[928]: Your identification has been saved in /etc/ssh/ssh_host_ed25519_key.
[   55.145975] cloud-init[928]: Your public key has been saved in /etc/ssh/ssh_host_ed25519_key.pub.
[   55.146134] cloud-init[928]: The key fingerprint is:
[   55.146294] cloud-init[928]: SHA256:qGXXkAI0s/ccmh20OMuY8Jugd70hDYmuHx61FEqeHjA root@ubuntu-bionic
[   55.146610] cloud-init[928]: The key's randomart image is:
[   55.146630] cloud-init[928]: +--[ED25519 256]--+
[   55.146650] cloud-init[928]: |   .=   .        |
[   55.146666] cloud-init[928]: |     = o o       |
[   55.146682] cloud-init[928]: |E o o = *        |
[   55.146701] cloud-init[928]: | = * B @ =       |
[   55.146718] cloud-init[928]: |  B O O S .      |
[   55.146959] cloud-init[928]: | + = @ .         |
[   55.147125] cloud-init[928]: |. * B +          |
[   55.147292] cloud-init[928]: | + + . o         |
[   55.147478] cloud-init[928]: |..o   .          |
[   55.147637] cloud-init[928]: +----[SHA256]-----+
[[0;32m  OK  [0m] Started Initial cloud-init job (metadata service crawler).
[[0;32m  OK  [0m] Reached target Network is Online.
         Starting Availability of block devices...
[[0;32m  OK  [0m] Reached target Remote File Systems (Pre).
[[0;32m  OK  [0m] Reached target Remote File Systems.
[[0;32m  OK  [0m] Reached target System Initialization.
[[0;32m  OK  [0m] Started Daily apt download activities.
[[0;32m  OK  [0m] Started Ubuntu Advantage Timer for running repeated jobs.
[[0;32m  OK  [0m] Listening on cloud-init hotplug hook socket.
[[0;32m  OK  [0m] Started Discard unused blocks once a week.
[[0;32m  OK  [0m] Listening on ACPID Listen Socket.
[[0;32m  OK  [0m] Started Daily apt upgrade and clean activities.
[[0;32m  OK  [0m] Started Message of the Day.
[[0;32m  OK  [0m] Listening on D-Bus System Message Bus Socket.
         Starting LXD - unix socket.
[[0;32m  OK  [0m] Started ACPI Events Check.
[[0;32m  OK  [0m] Listening on Open-iSCSI iscsid Socket.
[[0;32m  OK  [0m] Listening on UUID daemon activation socket.
[[0;32m  OK  [0m] Started Daily Cleanup of Temporary Directories.
[[0;32m  OK  [0m] Reached target Timers.
[[0;32m  OK  [0m] Reached target Paths.
         Starting Socket activation for snappy daemon.
[[0;32m  OK  [0m] Reached target Cloud-config availability.
[[0;32m  OK  [0m] Started Availability of block devices.
[[0;32m  OK  [0m] Listening on LXD - unix socket.
[[0;32m  OK  [0m] Listening on Socket activation for snappy daemon.
[[0;32m  OK  [0m] Reached target Sockets.
[[0;32m  OK  [0m] Reached target Basic System.
         Starting Accounts Service...
[[0;32m  OK  [0m] Reached target Login Prompts (Pre).
[[0;32m  OK  [0m] Started irqbalance daemon.
[[0;32m  OK  [0m] Started Deferred execution scheduler.
         Starting LSB: Record successful boot for GRUB...
         Starting Pollinate to seed the pseudo random number generator...
         Starting LSB: automatic crash report generation...
         Starting System Logging Service...
         Starting Snap Daemon...
[[0;32m  OK  [0m] Started Regular background program processing daemon.
         Starting Permit User Sessions...
[[0;32m  OK  [0m] Started D-Bus System Message Bus.
[[0;32m  OK  [0m] Started FUSE filesystem for LXC.
         Starting Login Service...
         Starting Dispatcher daemon for systemd-networkd...
         Starting Virtualbox guest utils...
         Starting LXD - container startup/shutdown...
[[0;32m  OK  [0m] Started System Logging Service.
[[0;32m  OK  [0m] Started Permit User Sessions.
[[0;32m  OK  [0m] Started Login Service.
[[0;32m  OK  [0m] Started Unattended Upgrades Shutdown.
         Starting Authorization Manager...
         Starting Hold until boot process finishes up...
         Starting Terminate Plymouth Boot Screen...
[[0;32m  OK  [0m] Started Hold until boot process finishes up.
[[0;32m  OK  [0m] Started Serial Getty on ttyS0.
         Starting Set console scheme...
[[0;32m  OK  [0m] Started Terminate Plymouth Boot Screen.
[[0;32m  OK  [0m] Started LSB: automatic crash report generation.
[[0;32m  OK  [0m] Started Authorization Manager.
[[0;32m  OK  [0m] Started Accounts Service.
[[0;32m  OK  [0m] Started Set console scheme.
[[0;32m  OK  [0m] Created slice system-getty.slice.
[[0;32m  OK  [0m] Started Getty on tty1.
[[0;32m  OK  [0m] Reached target Login Prompts.
[[0;32m  OK  [0m] Started LSB: Record successful boot for GRUB.
[[0;32m  OK  [0m] Started LXD - container startup/shutdown.
[[0;32m  OK  [0m] Started Virtualbox guest utils.
[[0;32m  OK  [0m] Started Dispatcher daemon for systemd-networkd.
[[0;32m  OK  [0m] Started Snap Daemon.
         Starting Wait until snapd is fully seeded...
[[0;32m  OK  [0m] Started Pollinate to seed the pseudo random number generator.
         Starting OpenBSD Secure Shell server...
[[0;32m  OK  [0m] Started OpenBSD Secure Shell server.
         Starting Time & Date Service...
[[0;32m  OK  [0m] Started Time & Date Service.
[[0;32m  OK  [0m] Created slice User Slice of vagrant.
         Starting User Manager for UID 1000...
[[0;32m  OK  [0m] Started Session 1 of user vagrant.
[[0;32m  OK  [0m] Started User Manager for UID 1000.
[[0;32m  OK  [0m] Started Wait until snapd is fully seeded.
         Starting Apply the settings specified in cloud-config...
[   58.862160] cloud-init[1701]: Cloud-init v. 23.1.2-0ubuntu0~18.04.1 running 'modules:config' at Sun, 06 Aug 2023 17:32:21 +0000. Up 58.60 seconds.
[[0;32m  OK  [0m] Started Apply the settings specified in cloud-config.
[[0;32m  OK  [0m] Reached target Multi-User System.
[[0;32m  OK  [0m] Reached target Graphical Interface.
         Starting Update UTMP about System Runlevel Changes...
         Starting Execute cloud user/final scripts...
[[0;32m  OK  [0m] Started Update UTMP about System Runlevel Changes.
ci-info: no authorized SSH keys fingerprints found for user ubuntu.
<14>Aug  6 17:32:22 cloud-init: #############################################################
<14>Aug  6 17:32:22 cloud-init: -----BEGIN SSH HOST KEY FINGERPRINTS-----
<14>Aug  6 17:32:22 cloud-init: 1024 SHA256:W404dSy/ioIshY/yHXUuTdAE6w1bQLSPzCCjyDiY+bg root@ubuntu-bionic (DSA)
<14>Aug  6 17:32:22 cloud-init: 256 SHA256:cDUwYL7a52w+bP+fXkkgBFtY6M6Egoyq8BMchCU2K3E root@ubuntu-bionic (ECDSA)
<14>Aug  6 17:32:22 cloud-init: 256 SHA256:qGXXkAI0s/ccmh20OMuY8Jugd70hDYmuHx61FEqeHjA root@ubuntu-bionic (ED25519)
<14>Aug  6 17:32:22 cloud-init: 2048 SHA256:qQiH5NMMd6w7vHvZr+kn+QXdqHckAvY/5ngJtE5l0Bk root@ubuntu-bionic (RSA)
<14>Aug  6 17:32:22 cloud-init: -----END SSH HOST KEY FINGERPRINTS-----
<14>Aug  6 17:32:22 cloud-init: #############################################################
-----BEGIN SSH HOST KEY KEYS-----
ecdsa-sha2-nistp256 AAAAE2VjZHNhLXNoYTItbmlzdHAyNTYAAAAIbmlzdHAyNTYAAABBBMwVRRlgcH7GQBfEmBlueOoxkitEqMLmbqPStt5/Z9zL4HJMfI9yZwffOWrFzQbuqAFQt4IhFmmc9BVV7LwU/Og= root@ubuntu-bionic
ssh-ed25519 AAAAC3NzaC1lZDI1NTE5AAAAILT7EvscxTXLLZ6skH6OCq2ZhWEkXOFSdijd8fU9nUIy root@ubuntu-bionic
ssh-rsa AAAAB3NzaC1yc2EAAAADAQABAAABAQCjE825ihrCpDKTDo2GRXdp0HyAQWIxqJ4EwgMS/6adLpPs1vkwthxehIEV9HVDfa/vkuRiFxUQ5JQKH9x5UDzNci6rB+2C1UK8gzQ4U0B65V7/z9ZDO7Y2SvYn4Yr9YhM6E9UGDI+F9a8kyumo5Wv5GxDOLvCcTl3crZXuwUtlspUjIPAjwKDnkC6kPST1OmHVUzQhnWUvrRY+Aog146H2esI8bv22Og+/TLHDlJod6ZTKB0ZnUrBcVENKcAg8W1tUGCSAJ0Ttp4IUBU+yTxjC2jyRxfgmfCml2h1K4tqql+UfzT4XKaccJDkfFNgSFC6DBwByWGDGBx1SmSyGhHDj root@ubuntu-bionic
-----END SSH HOST KEY KEYS-----
[   59.309261] cloud-init[1815]: Cloud-init v. 23.1.2-0ubuntu0~18.04.1 running 'modules:final' at Sun, 06 Aug 2023 17:32:22 +0000. Up 59.16 seconds.
[   59.311358] cloud-init[1815]: Cloud-init v. 23.1.2-0ubuntu0~18.04.1 finished at Sun, 06 Aug 2023 17:32:22 +0000. Datasource DataSourceNoCloud [seed=/dev/sdb][dsmode=net].  Up 59.30 seconds
[[0;32m  OK  [0m] Started Execute cloud user/final scripts.
[[0;32m  OK  [0m] Reached target Cloud-init target.

Ubuntu 18.04.6 LTS ubuntu-bionic ttyS0

ubuntu-bionic login: 
[[0;32m  OK  [0m] Reached target Cloud-init target.

Ubuntu 18.04.6 LTS ubuntu-bionic ttyS0

ubuntu-bionic login: 